0002 |
0003 |tens_in pin 2;
0004 |dp_in pin 3;
0005 |D0,D1,D2,D3 pin 4..7; 
0006 |ireq pin 1;
0007 |iclr pin 8;
0008 |
0009 |
0010 |!tens_out pin 14 istype 'com';
0011 |!dp_out pin 15 istype 'com';
0012 |!a,!b,!c,!d,!e,!f,!g pin 16..22 istype 'com';
0013 |irq pin 23 istype 'reg';
0014 |
0015 |
0016 |
0017 |EQUATIONS
0018 |tens_out = tens_in;
0019 |dp_out = dp_in;
0020 |irq.d = 1;
              ^
Warning 1124: In "lab6.abl":20:'INVERT' or 'BUFFER' not specified for 'irq' - assuming 'BUFFER'.
0021 |irq.ar = iclr;
0022 |irq.clk = ireq;
0023 |
0024 |
0025 |TRUTH_TABLE ([D3,D2,D1,D0]->[a,b,c,d,e,f,g])
0026 |                  [0,0,0,0]->[1,1,1,1,1,1,0]; "0
0027 |                  [0,0,0,1]->[0,0,0,0,1,1,0]; "1
0028 |                  [0,0,1,0]->[1,1,0,1,1,0,1]; "2
0029 |                  [0,0,1,1]->[1,1,1,1,0,0,1]; "3
0030 |                  [0,1,0,0]->[0,1,1,0,0,1,1]; "4
0031 |                  [0,1,0,1]->[1,0,1,1,0,1,1]; "5
0032 |                  [0,1,1,0]->[1,0,1,1,1,1,1]; "6
0033 |                  [0,1,1,1]->[1,1,1,0,0,0,0]; "7
0034 |                  [1,0,0,0]->[1,1,1,1,1,1,1]; "8
0035 |                  [1,0,0,1]->[1,1,1,0,0,1,1]; "9
0036 |                  [1,0,1,0]->[1,1,1,0,1,1,1]; "A
0037 |                  [1,0,1,1]->[0,0,1,1,1,1,1]; "b
0038 |                  [1,1,0,0]->[1,0,0,1,1,1,0]; "C
0039 |                  [1,1,0,1]->[0,1,1,1,1,0,1]; "d
0040 |                  [1,1,1,0]->[1,0,0,1,1,1,1]; "E
0041 |                  [1,1,1,1]->[1,0,0,0,1,1,1]; "F
0042 |
0043 |
0044 |END 
0045 |
